[LabBuildApp] Building in /home/vagrant/.pyenv/versions/3.7.2/envs/py3/share/jupyter/lab
[LabBuildApp] Node v10.16.3

[LabBuildApp] Building jupyterlab assets (build:dev:minimize)
[LabBuildApp] > /usr/bin/npm pack /home/vagrant/src/mkeilman/mvk/mvk-widget/js
[LabBuildApp] npm WARN prepublish-on-install As of npm@5, `prepublish` scripts are deprecated.
npm WARN prepublish-on-install Use `prepare` for build steps and `prepublishOnly` for upload-only.
npm WARN prepublish-on-install See the deprecation note in `npm help scripts` for more information.

> mvk-widget@0.0.1 prepublish /home/vagrant/src/mkeilman/mvk/mvk-widget/js
> webpack

Hash: d37946bea48c8693a59b988652a7ede2f129740b666d36567d8d1cf475df
Version: webpack 3.12.0
Child
    Hash: d37946bea48c8693a59b
    Time: 114ms
           Asset     Size  Chunks             Chunk Names
    extension.js  3.34 kB       0  [emitted]  main
       [0] ./lib/extension.js 814 bytes {0} [built]
Child
    Hash: 988652a7ede2f129740b
    Time: 1043ms
           Asset    Size  Chunks                    Chunk Names
        index.js  547 kB       0  [emitted]  [big]  main
    index.js.map  674 kB       0  [emitted]         main
       [0] ./lib/index.js 177 bytes {0} [built]
       [1] ./lib/example.js 1.28 kB {0} [built]
       [4] (webpack)/buildin/global.js 509 bytes {0} [built]
       [5] (webpack)/buildin/module.js 517 bytes {0} [built]
       [6] ./package.json 654 bytes {0} [built]
        + 2 hidden modules
Child
    Hash: 666d36567d8d1cf475df
    Time: 1037ms
           Asset    Size  Chunks                    Chunk Names
        index.js  547 kB       0  [emitted]  [big]  main
    index.js.map  674 kB       0  [emitted]         main
       [0] ./lib/embed.js 452 bytes {0} [built]
       [1] ./lib/example.js 1.28 kB {0} [built]
       [4] (webpack)/buildin/global.js 509 bytes {0} [built]
       [5] (webpack)/buildin/module.js 517 bytes {0} [built]
       [6] ./package.json 654 bytes {0} [built]
        + 2 hidden modules
npm notice 
npm notice 📦  mvk-widget@0.0.1
npm notice === Tarball Contents === 
npm notice 815B    package.json    
npm notice 136B    README.md       
npm notice 547.3kB dist/index.js   
npm notice 452B    lib/embed.js    
npm notice 1.3kB   lib/example.js  
npm notice 814B    lib/extension.js
npm notice 177B    lib/index.js    
npm notice 357B    lib/labplugin.js
npm notice === Tarball Details === 
npm notice name:          mvk-widget                              
npm notice version:       0.0.1                                   
npm notice filename:      mvk-widget-0.0.1.tgz                    
npm notice package size:  100.6 kB                                
npm notice unpacked size: 551.3 kB                                
npm notice shasum:        8f9e26097bac7663759f0a7ef312d81b6187def4
npm notice integrity:     sha512-I0vtdax0t5z3P[...]F1RMHDzL0eXIQ==
npm notice total files:   8                                       
npm notice 
mvk-widget-0.0.1.tgz

[LabBuildApp] > /usr/bin/npm pack /home/vagrant/src/mkeilman/robnagler/Radia/env/radia_python/jupyter-rs-vtk-widget/js
[LabBuildApp] npm WARN prepublish-on-install As of npm@5, `prepublish` scripts are deprecated.
npm WARN prepublish-on-install Use `prepare` for build steps and `prepublishOnly` for upload-only.
npm WARN prepublish-on-install See the deprecation note in `npm help scripts` for more information.

> jupyter-rs-vtk-widget@0.0.1 prepublish /home/vagrant/src/mkeilman/robnagler/Radia/env/radia_python/jupyter-rs-vtk-widget/js
> webpack

Hash: 76929517818be5248456b99e16e0bcb66c7111863fd4a2e607b0d07b26b1
Version: webpack 3.12.0
Child
    Hash: 76929517818be5248456
    Time: 144ms
           Asset     Size  Chunks             Chunk Names
    extension.js  3.37 kB       0  [emitted]  main
       [0] ./lib/extension.js 847 bytes {0} [built]
Child
    Hash: b99e16e0bcb66c711186
    Time: 1408ms
           Asset     Size  Chunks                    Chunk Names
        index.js   810 kB       0  [emitted]  [big]  main
    index.js.map  1.02 MB       0  [emitted]         main
       [0] ./lib/index.js 180 bytes {0} [built]
       [1] ./lib/vtk_viewer.js 6.05 kB {0} [built]
       [3] (webpack)/buildin/global.js 509 bytes {0} [built]
       [4] (webpack)/buildin/module.js 517 bytes {0} [built]
       [5] ./lib/jquery-2.2.4.js 258 kB {0} [built]
       [7] ./package.json 729 bytes {0} [built]
        + 2 hidden modules
    
    ERROR in ./lib/vtk_viewer.js
    Module not found: Error: Can't resolve './vtk.js' in '/home/vagrant/src/mkeilman/robnagler/Radia/env/radia_python/jupyter-rs-vtk-widget/js/lib'
     @ ./lib/vtk_viewer.js 3:10-29
     @ ./lib/index.js
Child
    Hash: 3fd4a2e607b0d07b26b1
    Time: 1400ms
           Asset     Size  Chunks                    Chunk Names
        index.js   810 kB       0  [emitted]  [big]  main
    index.js.map  1.02 MB       0  [emitted]         main
       [0] ./lib/embed.js 455 bytes {0} [built]
       [1] ./lib/vtk_viewer.js 6.05 kB {0} [built]
       [3] (webpack)/buildin/global.js 509 bytes {0} [built]
       [4] (webpack)/buildin/module.js 517 bytes {0} [built]
       [5] ./lib/jquery-2.2.4.js 258 kB {0} [built]
       [7] ./package.json 729 bytes {0} [built]
        + 2 hidden modules
    
    ERROR in ./lib/vtk_viewer.js
    Module not found: Error: Can't resolve './vtk.js' in '/home/vagrant/src/mkeilman/robnagler/Radia/env/radia_python/jupyter-rs-vtk-widget/js/lib'
     @ ./lib/vtk_viewer.js 3:10-29
     @ ./lib/embed.js
npm ERR! code ELIFECYCLE
npm ERR! errno 2
npm ERR! jupyter-rs-vtk-widget@0.0.1 prepublish: `webpack`
npm ERR! Exit status 2
npm ERR! 
npm ERR! Failed at the jupyter-rs-vtk-widget@0.0.1 prepublish script.
npm ERR! This is probably not a problem with npm. There is likely additional logging output above.
npm WARN Local package.json exists, but node_modules missing, did you mean to install?

npm ERR! A complete log of this run can be found in:
npm ERR!     /home/vagrant/.npm/_logs/2019-10-03T16_02_35_652Z-debug.log

[LabBuildApp] Traceback (most recent call last):

[LabBuildApp]   File "/home/vagrant/.pyenv/versions/3.7.2/envs/py3/lib/python3.7/site-packages/jupyterlab/debuglog.py", line 47, in debug_logging
    yield

[LabBuildApp]   File "/home/vagrant/.pyenv/versions/3.7.2/envs/py3/lib/python3.7/site-packages/jupyterlab/labapp.py", line 96, in start
    core_config=self.core_config)

[LabBuildApp]   File "/home/vagrant/.pyenv/versions/3.7.2/envs/py3/lib/python3.7/site-packages/jupyterlab/commands.py", line 378, in build
    command=command, clean_staging=clean_staging)

[LabBuildApp]   File "/home/vagrant/.pyenv/versions/3.7.2/envs/py3/lib/python3.7/site-packages/jupyterlab/commands.py", line 564, in build
    clean=clean_staging

[LabBuildApp]   File "/home/vagrant/.pyenv/versions/3.7.2/envs/py3/lib/python3.7/site-packages/jupyterlab/commands.py", line 1056, in _populate_staging
    'local_extensions')

[LabBuildApp]   File "/home/vagrant/.pyenv/versions/3.7.2/envs/py3/lib/python3.7/site-packages/jupyterlab/commands.py", line 1175, in _update_local
    info = self._extract_package(source, tempdir)

[LabBuildApp]   File "/home/vagrant/.pyenv/versions/3.7.2/envs/py3/lib/python3.7/site-packages/jupyterlab/commands.py", line 1478, in _extract_package
    raise ValueError(msg % source)

[LabBuildApp] ValueError: "/home/vagrant/src/mkeilman/robnagler/Radia/env/radia_python/jupyter-rs-vtk-widget/js" is not a valid npm package

[LabBuildApp] Exiting application: JupyterLab
